<?xml version="1.0" encoding="UTF-8"?>
<testng-results ignored="0" total="4" passed="4" failed="0" skipped="0">
  <reporter-output>
  </reporter-output>
  <suite started-at="2023-06-04T17:51:14 IST" name="Default suite" finished-at="2023-06-04T17:51:14 IST" duration-ms="87">
    <groups>
    </groups>
    <test started-at="2023-06-04T17:51:14 IST" name="Default test" finished-at="2023-06-04T17:51:14 IST" duration-ms="87">
      <class name="day7.tasks.task2">
        <test-method signature="add()[pri:0, instance:day7.tasks.task2@5119fb47]" started-at="2023-06-04T17:51:14 IST" name="add" finished-at="2023-06-04T17:51:14 IST" duration-ms="18" status="PASS">
          <reporter-output>
          </reporter-output>
        </test-method> <!-- add -->
        <test-method signature="divide()[pri:0, instance:day7.tasks.task2@5119fb47]" started-at="2023-06-04T17:51:14 IST" name="divide" finished-at="2023-06-04T17:51:14 IST" duration-ms="2" status="PASS">
          <reporter-output>
          </reporter-output>
        </test-method> <!-- divide -->
        <test-method signature="multiply()[pri:0, instance:day7.tasks.task2@5119fb47]" started-at="2023-06-04T17:51:14 IST" name="multiply" finished-at="2023-06-04T17:51:14 IST" duration-ms="4" status="PASS">
          <reporter-output>
          </reporter-output>
        </test-method> <!-- multiply -->
        <test-method signature="subtract()[pri:0, instance:day7.tasks.task2@5119fb47]" started-at="2023-06-04T17:51:14 IST" name="subtract" finished-at="2023-06-04T17:51:14 IST" duration-ms="2" status="PASS">
          <reporter-output>
          </reporter-output>
        </test-method> <!-- subtract -->
      </class> <!-- day7.tasks.task2 -->
    </test> <!-- Default test -->
  </suite> <!-- Default suite -->
</testng-results>
