<?xml version="1.0" encoding="UTF-8"?>
<!-- Generated by org.testng.reporters.JUnitXMLReporter -->
<testsuite ignored="0" hostname="DESKTOP-92B68S6" failures="0" tests="4" name="Default test" time="0.087" errors="0" timestamp="2023-06-04T17:51:14 IST">
  <testcase classname="day7.tasks.task2" name="add" time="0.018"/>
  <testcase classname="day7.tasks.task2" name="divide" time="0.002"/>
  <testcase classname="day7.tasks.task2" name="multiply" time="0.004"/>
  <testcase classname="day7.tasks.task2" name="subtract" time="0.002"/>
</testsuite> <!-- Default test -->
